<?xml version="1.0" encoding="UTF-8"?>
<testng-results ignored="14" total="15" passed="1" failed="0" skipped="0">
  <reporter-output>
  </reporter-output>
  <suite started-at="2022-07-01T12:16:59 IST" name="Default suite" finished-at="2022-07-01T12:17:02 IST" duration-ms="2943">
    <groups>
    </groups>
    <test started-at="2022-07-01T12:16:59 IST" name="Default test" finished-at="2022-07-01T12:17:02 IST" duration-ms="2943">
      <class name="com.bridgelabz.spotify.SpotifyApi">
        <test-method is-config="true" signature="getToken()[pri:0, instance:com.bridgelabz.spotify.SpotifyApi@31e5415e]" started-at="2022-07-01T12:16:59 IST" name="getToken" finished-at="2022-07-01T12:16:59 IST" duration-ms="13" status="PASS">
          <reporter-output>
          </reporter-output>
        </test-method> <!-- getToken -->
        <test-method signature="test_GetUsersPlaylists()[pri:7, instance:com.bridgelabz.spotify.SpotifyApi@31e5415e]" started-at="2022-07-01T12:16:59 IST" name="test_GetUsersPlaylists" finished-at="2022-07-01T12:17:02 IST" duration-ms="2872" status="PASS">
          <reporter-output>
          </reporter-output>
        </test-method> <!-- test_GetUsersPlaylists -->
      </class> <!-- com.bridgelabz.spotify.SpotifyApi -->
    </test> <!-- Default test -->
  </suite> <!-- Default suite -->
</testng-results>
