<?xml version="1.0" encoding="UTF-8"?>
<testng-results ignored="17" total="18" passed="1" failed="0" skipped="0">
  <reporter-output>
  </reporter-output>
  <suite started-at="2022-07-01T12:49:37 IST" name="Default suite" finished-at="2022-07-01T12:49:40 IST" duration-ms="3207">
    <groups>
    </groups>
    <test started-at="2022-07-01T12:49:37 IST" name="Default test" finished-at="2022-07-01T12:49:40 IST" duration-ms="3207">
      <class name="com.bridgelabz.spotify.SpotifyApi">
        <test-method is-config="true" signature="getToken()[pri:0, instance:com.bridgelabz.spotify.SpotifyApi@1a4013]" started-at="2022-07-01T12:49:37 IST" name="getToken" finished-at="2022-07-01T12:49:37 IST" duration-ms="10" status="PASS">
          <reporter-output>
          </reporter-output>
        </test-method> <!-- getToken -->
        <test-method signature="test_UpdatePlaylistItems()[pri:10, instance:com.bridgelabz.spotify.SpotifyApi@1a4013]" started-at="2022-07-01T12:49:37 IST" name="test_UpdatePlaylistItems" finished-at="2022-07-01T12:49:40 IST" duration-ms="3138" status="PASS">
          <reporter-output>
          </reporter-output>
        </test-method> <!-- test_UpdatePlaylistItems -->
      </class> <!-- com.bridgelabz.spotify.SpotifyApi -->
    </test> <!-- Default test -->
  </suite> <!-- Default suite -->
</testng-results>
