<?xml version="1.0" encoding="UTF-8"?>
<!-- Generated by org.testng.reporters.JUnitXMLReporter -->
<testsuite ignored="17" hostname="DESKTOP-6E13JVC" failures="0" tests="1" name="Default test" time="3.207" errors="0" timestamp="2022-07-01T12:49:40 IST">
  <testcase classname="com.bridgelabz.spotify.SpotifyApi" name="test_UpdatePlaylistItems" time="3.138"/>
  <testcase classname="com.bridgelabz.spotify.SpotifyApi" name="test_GetPlaylistCoverImage" time="0.0">
    <ignored/>
  </testcase> <!-- test_GetPlaylistCoverImage -->
  <testcase classname="com.bridgelabz.spotify.SpotifyApi" name="test_GetUsersProfile" time="0.0">
    <ignored/>
  </testcase> <!-- test_GetUsersProfile -->
  <testcase classname="com.bridgelabz.spotify.SpotifyApi" name="test_GetTracksAudioAnalysis" time="0.0">
    <ignored/>
  </testcase> <!-- test_GetTracksAudioAnalysis -->
  <testcase classname="com.bridgelabz.spotify.SpotifyApi" name="test_GetTrack" time="0.0">
    <ignored/>
  </testcase> <!-- test_GetTrack -->
  <testcase classname="com.bridgelabz.spotify.SpotifyApi" name="test_GetTracksAudioFeatures_ShouldtatusCode" time="0.0">
    <ignored/>
  </testcase> <!-- test_GetTracksAudioFeatures_ShouldtatusCode -->
  <testcase classname="com.bridgelabz.spotify.SpotifyApi" name="test_SearchForItem" time="0.0">
    <ignored/>
  </testcase> <!-- test_SearchForItem -->
  <testcase classname="com.bridgelabz.spotify.SpotifyApi" name="test_AddItemstoPlaylist" time="0.0">
    <ignored/>
  </testcase> <!-- test_AddItemstoPlaylist -->
  <testcase classname="com.bridgelabz.spotify.SpotifyApi" name="test_ChangePlaylistDetails" time="0.0">
    <ignored/>
  </testcase> <!-- test_ChangePlaylistDetails -->
  <testcase classname="com.bridgelabz.spotify.SpotifyApi" name="test_GetTracksAudioFeatures" time="0.0">
    <ignored/>
  </testcase> <!-- test_GetTracksAudioFeatures -->
  <testcase classname="com.bridgelabz.spotify.SpotifyApi" name="test_RemovePlaylistItems" time="0.0">
    <ignored/>
  </testcase> <!-- test_RemovePlaylistItems -->
  <testcase classname="com.bridgelabz.spotify.SpotifyApi" name="test_GetUsersPlaylists" time="0.0">
    <ignored/>
  </testcase> <!-- test_GetUsersPlaylists -->
  <testcase classname="com.bridgelabz.spotify.SpotifyApi" name="test_GetCurrentUserPlaylists" time="0.0">
    <ignored/>
  </testcase> <!-- test_GetCurrentUserPlaylists -->
  <testcase classname="com.bridgelabz.spotify.SpotifyApi" name="test_GetPlaylist" time="0.0">
    <ignored/>
  </testcase> <!-- test_GetPlaylist -->
  <testcase classname="com.bridgelabz.spotify.SpotifyApi" name="test_GetCurrentUsersProfile" time="0.0">
    <ignored/>
  </testcase> <!-- test_GetCurrentUsersProfile -->
  <testcase classname="com.bridgelabz.spotify.SpotifyApi" name="test_CreatePlaylist_ShouldStatusCode" time="0.0">
    <ignored/>
  </testcase> <!-- test_CreatePlaylist_ShouldStatusCode -->
  <testcase classname="com.bridgelabz.spotify.SpotifyApi" name="test_GetPlaylistItems" time="0.0">
    <ignored/>
  </testcase> <!-- test_GetPlaylistItems -->
  <testcase classname="com.bridgelabz.spotify.SpotifyApi" name="test_GetSeveralTracks" time="0.0">
    <ignored/>
  </testcase> <!-- test_GetSeveralTracks -->
</testsuite> <!-- Default test -->
